<?xml version="1.0" encoding="UTF-8"?>
<TestRun id="a07a48f9-27d8-42fc-a2c2-d1d07f130b4a" name="Omri@OMRIG-AIR 2011-08-03 19:01:06" runUser="omrig-air\Omri" xmlns="http://microsoft.com/schemas/VisualStudio/TeamTest/2010">
  <TestSettings name="Local" id="75d34c07-0147-4d86-888c-f7a120a18583">
    <Description>These are default test settings for a local test run.</Description>
    <Deployment enabled="false" runDeploymentRoot="Omri_OMRIG-AIR 2011-08-03 19_01_06" />
    <Execution>
      <TestTypeSpecific />
      <AgentRule name="Execution Agents">
      </AgentRule>
    </Execution>
  </TestSettings>
  <Times creation="2011-08-03T19:01:06.6464099-07:00" queuing="2011-08-03T19:01:07.3328111-07:00" start="2011-08-03T19:01:07.3952112-07:00" finish="2011-08-03T19:01:08.0816124-07:00" />
  <ResultSummary outcome="Failed">
    <Counters total="1" executed="1" error="0" failed="1" timeout="0" aborted="0" inconclusive="0" passedButRunAborted="0" notRunnable="0" notExecuted="0" disconnected="0" warning="0" passed="0" completed="0" inProgress="0" pending="0" />
  </ResultSummary>
  <TestDefinitions>
    <UnitTest name="EnqueueDequeue" storage="c:\users\omri\documents\visual studio 2010\projects\taskstore\taskstorewinphoneutilitiestests\bin\debug\taskstorewinphoneutilitiestests.dll" id="2f3285a6-7bbd-6e32-f0b2-28f3104094f4">
      <Execution id="8eece6b8-461a-4cfe-aecc-7d8a5308924d" />
      <TestMethod codeBase="C:/Users/Omri/Documents/Visual Studio 2010/Projects/TaskStore/TaskStoreWinPhoneUtilitiesTests/bin/Debug/TaskStoreWinPhoneUtilitiesTests.DLL" adapterTypeName="Microsoft.VisualStudio.TestTools.TestTypes.Unit.UnitTestAdapter, Microsoft.VisualStudio.QualityTools.Tips.UnitTest.Adapter, Version=10.0.0.0, Culture=neutral, PublicKeyToken=b03f5f7f11d50a3a" className="TaskStoreWinPhoneUtilitiesTests.RequestQueueTest, TaskStoreWinPhoneUtilitiesTests, Version=1.0.0.0, Culture=neutral, PublicKeyToken=null" name="EnqueueDequeue" />
    </UnitTest>
  </TestDefinitions>
  <TestLists>
    <TestList name="Results Not in a List" id="8c84fa94-04c1-424b-9868-57a2d4851a1d" />
    <TestList name="All Loaded Results" id="19431567-8539-422a-85d7-44ee4e166bda" />
  </TestLists>
  <TestEntries>
    <TestEntry testId="2f3285a6-7bbd-6e32-f0b2-28f3104094f4" executionId="8eece6b8-461a-4cfe-aecc-7d8a5308924d" testListId="8c84fa94-04c1-424b-9868-57a2d4851a1d" />
  </TestEntries>
  <Results>
    <UnitTestResult executionId="8eece6b8-461a-4cfe-aecc-7d8a5308924d" testId="2f3285a6-7bbd-6e32-f0b2-28f3104094f4" testName="EnqueueDequeue" computerName="OMRIG-AIR" duration="00:00:00.0805763" startTime="2011-08-03T19:01:07.4108112-07:00" endTime="2011-08-03T19:01:07.9880122-07:00" testType="13cdc9d9-ddb5-4fa4-a97d-d965ccfc6d4b" outcome="Failed" testListId="8c84fa94-04c1-424b-9868-57a2d4851a1d" relativeResultsDirectory="8eece6b8-461a-4cfe-aecc-7d8a5308924d">
      <Output>
        <ErrorInfo>
          <Message>Test method TaskStoreWinPhoneUtilitiesTests.RequestQueueTest.EnqueueDequeue threw exception: 
System.IO.FileNotFoundException: Could not load file or assembly 'System.ServiceModel.Web, Version=2.0.5.0, Culture=neutral, PublicKeyToken=7cec85d7bea7798e' or one of its dependencies. The system cannot find the file specified.WRN: Assembly binding logging is turned OFF.
To enable assembly bind failure logging, set the registry value [HKLM\Software\Microsoft\Fusion!EnableLog] (DWORD) to 1.
Note: There is some performance penalty associated with assembly bind failure logging.
To turn this feature off, remove the registry value [HKLM\Software\Microsoft\Fusion!EnableLog].
</Message>
          <StackTrace>    at TaskStoreWinPhoneUtilities.RequestQueue.EnqueueRequestRecord(RequestRecord newRecord)
   at TaskStoreWinPhoneUtilitiesTests.RequestQueueTest.EnqueueDequeue() in C:\Users\Omri\Documents\Visual Studio 2010\Projects\TaskStore\TaskStoreWinPhoneUtilitiesTests\RequestQueueTest.cs:line 24
</StackTrace>
        </ErrorInfo>
      </Output>
    </UnitTestResult>
  </Results>
</TestRun>